2021-11-19 01:12:41,409 INFO org.springframework.boot.StartupInfoLogger [restartedMain] Starting SpringWebApplication using Java 11.0.12 on gudwin with PID 10944 (C:\Users\Goodwin\IdeaProjects\domestic-service\target\classes started by Gudwin in C:\Users\Goodwin\IdeaProjects\domestic-service)
2021-11-19 01:12:41,409 INFO org.hibernate.validator.internal.util.Version [background-preinit] HV000001: Hibernate Validator 6.2.0.Final
2021-11-19 01:12:41,411 INFO org.springframework.boot.SpringApplication [restartedMain] The following profiles are active: Production
2021-11-19 01:12:41,446 INFO org.springframework.boot.logging.DeferredLog [restartedMain] Devtools property defaults active! Set 'spring.devtools.add-properties' to 'false' to disable
2021-11-19 01:12:41,447 INFO org.springframework.boot.logging.DeferredLog [restartedMain] For additional web related logging consider setting the 'logging.level.web' property to 'DEBUG'
2021-11-19 01:12:42,143 INFO org.springframework.data.repository.config.RepositoryConfigurationDelegate [restartedMain] Bootstrapping Spring Data JPA repositories in DEFAULT mode.
2021-11-19 01:12:42,199 INFO org.springframework.data.repository.config.RepositoryConfigurationDelegate [restartedMain] Finished Spring Data repository scanning in 51 ms. Found 7 JPA repository interfaces.
2021-11-19 01:12:42,700 INFO org.springframework.boot.web.embedded.tomcat.TomcatWebServer [restartedMain] Tomcat initialized with port(s): 8080 (http)
2021-11-19 01:12:42,706 INFO org.apache.juli.logging.DirectJDKLog [restartedMain] Initializing ProtocolHandler ["http-nio-8080"]
2021-11-19 01:12:42,706 INFO org.apache.juli.logging.DirectJDKLog [restartedMain] Starting service [Tomcat]
2021-11-19 01:12:42,707 INFO org.apache.juli.logging.DirectJDKLog [restartedMain] Starting Servlet engine: [Apache Tomcat/9.0.53]
2021-11-19 01:12:42,781 INFO org.apache.juli.logging.DirectJDKLog [restartedMain] Initializing Spring embedded WebApplicationContext
2021-11-19 01:12:42,781 INFO org.springframework.boot.web.servlet.context.ServletWebServerApplicationContext [restartedMain] Root WebApplicationContext: initialization completed in 1333 ms
2021-11-19 01:12:42,881 INFO org.hibernate.jpa.internal.util.LogHelper [restartedMain] HHH000204: Processing PersistenceUnitInfo [name: default]
2021-11-19 01:12:42,907 INFO org.hibernate.Version [restartedMain] HHH000412: Hibernate ORM core version 5.4.32.Final
2021-11-19 01:12:42,979 INFO org.hibernate.annotations.common.reflection.java.JavaReflectionManager [restartedMain] HCANN000001: Hibernate Commons Annotations {5.1.2.Final}
2021-11-19 01:12:43,049 INFO com.zaxxer.hikari.HikariDataSource [restartedMain] HikariPool-1 - Starting...
2021-11-19 01:12:43,251 INFO com.zaxxer.hikari.HikariDataSource [restartedMain] HikariPool-1 - Start completed.
2021-11-19 01:12:43,260 INFO org.hibernate.dialect.Dialect [restartedMain] HHH000400: Using dialect: org.hibernate.dialect.MySQL5InnoDBDialect
2021-11-19 01:12:43,840 INFO org.hibernate.engine.transaction.jta.platform.internal.JtaPlatformInitiator [restartedMain] HHH000490: Using JtaPlatform implementation: [org.hibernate.engine.transaction.jta.platform.internal.NoJtaPlatform]
2021-11-19 01:12:43,846 INFO org.springframework.orm.jpa.AbstractEntityManagerFactoryBean [restartedMain] Initialized JPA EntityManagerFactory for persistence unit 'default'
2021-11-19 01:12:43,885 WARN org.springframework.boot.autoconfigure.orm.jpa.JpaBaseConfiguration$JpaWebConfiguration [restartedMain] spring.jpa.open-in-view is enabled by default. Therefore, database queries may be performed during view rendering. Explicitly configure spring.jpa.open-in-view to disable this warning
2021-11-19 01:12:44,517 INFO org.springframework.security.web.DefaultSecurityFilterChain [restartedMain] Will secure Ant [pattern='/scripts/**'] with []
2021-11-19 01:12:44,517 INFO org.springframework.security.web.DefaultSecurityFilterChain [restartedMain] Will secure Ant [pattern='/styles/**'] with []
2021-11-19 01:12:44,517 INFO org.springframework.security.web.DefaultSecurityFilterChain [restartedMain] Will secure Ant [pattern='/images/**'] with []
2021-11-19 01:12:44,518 INFO org.springframework.security.web.DefaultSecurityFilterChain [restartedMain] Will secure Ant [pattern='/fonts/**'] with []
2021-11-19 01:12:44,540 INFO org.springframework.security.web.DefaultSecurityFilterChain [restartedMain] Will secure any request with [org.springframework.security.web.context.request.async.WebAsyncManagerIntegrationFilter@37029cf3, org.springframework.security.web.context.SecurityContextPersistenceFilter@5494b2f9, org.springframework.security.web.header.HeaderWriterFilter@5961dfa7, org.springframework.security.web.csrf.CsrfFilter@36509913, org.springframework.security.web.authentication.logout.LogoutFilter@4784516, org.springframework.security.web.authentication.UsernamePasswordAuthenticationFilter@1a23fbb7, org.springframework.security.web.savedrequest.RequestCacheAwareFilter@3bc8c414, org.springframework.security.web.servletapi.SecurityContextHolderAwareRequestFilter@7d484780, org.springframework.security.web.authentication.AnonymousAuthenticationFilter@6271341, org.springframework.security.web.session.SessionManagementFilter@59a900da, org.springframework.security.web.access.ExceptionTranslationFilter@78159740, org.springframework.security.web.access.intercept.FilterSecurityInterceptor@c1024a9]
2021-11-19 01:12:44,625 INFO org.springframework.boot.devtools.autoconfigure.OptionalLiveReloadServer [restartedMain] LiveReload server is running on port 35729
2021-11-19 01:12:44,779 INFO org.apache.juli.logging.DirectJDKLog [restartedMain] Starting ProtocolHandler ["http-nio-8080"]
2021-11-19 01:12:44,794 INFO org.springframework.boot.web.embedded.tomcat.TomcatWebServer [restartedMain] Tomcat started on port(s): 8080 (http) with context path ''
2021-11-19 01:12:45,104 INFO org.springframework.boot.StartupInfoLogger [restartedMain] Started SpringWebApplication in 4.074 seconds (JVM running for 4.897)
2021-11-19 01:13:16,101 INFO org.apache.juli.logging.DirectJDKLog [http-nio-8080-exec-1] Initializing Spring DispatcherServlet 'dispatcherServlet'
2021-11-19 01:13:16,101 INFO org.springframework.web.servlet.FrameworkServlet [http-nio-8080-exec-1] Initializing Servlet 'dispatcherServlet'
2021-11-19 01:13:16,103 INFO org.springframework.web.servlet.FrameworkServlet [http-nio-8080-exec-1] Completed initialization in 2 ms
2021-11-19 01:13:20,148 WARN org.apache.juli.logging.DirectJDKLog [http-nio-8080-exec-9] Creation of SecureRandom instance for session ID generation using [SHA1PRNG] took [122] milliseconds.
2021-11-19 01:14:40,981 INFO org.hibernate.validator.internal.util.Version [background-preinit] HV000001: Hibernate Validator 6.2.0.Final
2021-11-19 01:14:40,980 INFO org.springframework.boot.StartupInfoLogger [restartedMain] Starting SpringWebApplication using Java 11.0.12 on gudwin with PID 13560 (C:\Users\Goodwin\IdeaProjects\domestic-service\target\classes started by Gudwin in C:\Users\Goodwin\IdeaProjects\domestic-service)
2021-11-19 01:14:40,984 INFO org.springframework.boot.SpringApplication [restartedMain] The following profiles are active: Production
2021-11-19 01:14:41,020 INFO org.springframework.boot.logging.DeferredLog [restartedMain] Devtools property defaults active! Set 'spring.devtools.add-properties' to 'false' to disable
2021-11-19 01:14:41,020 INFO org.springframework.boot.logging.DeferredLog [restartedMain] For additional web related logging consider setting the 'logging.level.web' property to 'DEBUG'
2021-11-19 01:14:41,716 INFO org.springframework.data.repository.config.RepositoryConfigurationDelegate [restartedMain] Bootstrapping Spring Data JPA repositories in DEFAULT mode.
2021-11-19 01:14:41,775 INFO org.springframework.data.repository.config.RepositoryConfigurationDelegate [restartedMain] Finished Spring Data repository scanning in 53 ms. Found 7 JPA repository interfaces.
2021-11-19 01:14:42,290 INFO org.springframework.boot.web.embedded.tomcat.TomcatWebServer [restartedMain] Tomcat initialized with port(s): 8080 (http)
2021-11-19 01:14:42,296 INFO org.apache.juli.logging.DirectJDKLog [restartedMain] Initializing ProtocolHandler ["http-nio-8080"]
2021-11-19 01:14:42,296 INFO org.apache.juli.logging.DirectJDKLog [restartedMain] Starting service [Tomcat]
2021-11-19 01:14:42,296 INFO org.apache.juli.logging.DirectJDKLog [restartedMain] Starting Servlet engine: [Apache Tomcat/9.0.53]
2021-11-19 01:14:42,372 INFO org.apache.juli.logging.DirectJDKLog [restartedMain] Initializing Spring embedded WebApplicationContext
2021-11-19 01:14:42,372 INFO org.springframework.boot.web.servlet.context.ServletWebServerApplicationContext [restartedMain] Root WebApplicationContext: initialization completed in 1351 ms
2021-11-19 01:14:42,470 INFO org.hibernate.jpa.internal.util.LogHelper [restartedMain] HHH000204: Processing PersistenceUnitInfo [name: default]
2021-11-19 01:14:42,499 INFO org.hibernate.Version [restartedMain] HHH000412: Hibernate ORM core version 5.4.32.Final
2021-11-19 01:14:42,564 INFO org.hibernate.annotations.common.reflection.java.JavaReflectionManager [restartedMain] HCANN000001: Hibernate Commons Annotations {5.1.2.Final}
2021-11-19 01:14:42,619 INFO com.zaxxer.hikari.HikariDataSource [restartedMain] HikariPool-1 - Starting...
2021-11-19 01:14:42,806 INFO com.zaxxer.hikari.HikariDataSource [restartedMain] HikariPool-1 - Start completed.
2021-11-19 01:14:42,814 INFO org.hibernate.dialect.Dialect [restartedMain] HHH000400: Using dialect: org.hibernate.dialect.MySQL5InnoDBDialect
2021-11-19 01:14:43,450 INFO org.hibernate.engine.transaction.jta.platform.internal.JtaPlatformInitiator [restartedMain] HHH000490: Using JtaPlatform implementation: [org.hibernate.engine.transaction.jta.platform.internal.NoJtaPlatform]
2021-11-19 01:14:43,459 INFO org.springframework.orm.jpa.AbstractEntityManagerFactoryBean [restartedMain] Initialized JPA EntityManagerFactory for persistence unit 'default'
2021-11-19 01:14:43,527 WARN org.springframework.boot.autoconfigure.orm.jpa.JpaBaseConfiguration$JpaWebConfiguration [restartedMain] spring.jpa.open-in-view is enabled by default. Therefore, database queries may be performed during view rendering. Explicitly configure spring.jpa.open-in-view to disable this warning
2021-11-19 01:14:44,191 INFO org.springframework.security.web.DefaultSecurityFilterChain [restartedMain] Will secure Ant [pattern='/scripts/**'] with []
2021-11-19 01:14:44,191 INFO org.springframework.security.web.DefaultSecurityFilterChain [restartedMain] Will secure Ant [pattern='/styles/**'] with []
2021-11-19 01:14:44,192 INFO org.springframework.security.web.DefaultSecurityFilterChain [restartedMain] Will secure Ant [pattern='/images/**'] with []
2021-11-19 01:14:44,192 INFO org.springframework.security.web.DefaultSecurityFilterChain [restartedMain] Will secure Ant [pattern='/fonts/**'] with []
2021-11-19 01:14:44,212 INFO org.springframework.security.web.DefaultSecurityFilterChain [restartedMain] Will secure any request with [org.springframework.security.web.context.request.async.WebAsyncManagerIntegrationFilter@236ba107, org.springframework.security.web.context.SecurityContextPersistenceFilter@15249b05, org.springframework.security.web.header.HeaderWriterFilter@3d2a997, org.springframework.security.web.csrf.CsrfFilter@3f838451, org.springframework.security.web.authentication.logout.LogoutFilter@2ab1de46, org.springframework.security.web.authentication.UsernamePasswordAuthenticationFilter@2cb8239f, org.springframework.security.web.savedrequest.RequestCacheAwareFilter@79420ef, org.springframework.security.web.servletapi.SecurityContextHolderAwareRequestFilter@30ce6ba8, org.springframework.security.web.authentication.AnonymousAuthenticationFilter@3917df52, org.springframework.security.web.session.SessionManagementFilter@25d71b0, org.springframework.security.web.access.ExceptionTranslationFilter@233c7eca, org.springframework.security.web.access.intercept.FilterSecurityInterceptor@41b70622]
2021-11-19 01:14:44,297 INFO org.springframework.boot.devtools.autoconfigure.OptionalLiveReloadServer [restartedMain] LiveReload server is running on port 35729
2021-11-19 01:14:44,454 INFO org.apache.juli.logging.DirectJDKLog [restartedMain] Starting ProtocolHandler ["http-nio-8080"]
2021-11-19 01:14:44,468 INFO org.springframework.boot.web.embedded.tomcat.TomcatWebServer [restartedMain] Tomcat started on port(s): 8080 (http) with context path ''
2021-11-19 01:14:44,772 INFO org.springframework.boot.StartupInfoLogger [restartedMain] Started SpringWebApplication in 4.192 seconds (JVM running for 5.068)
2021-11-19 01:15:24,983 INFO org.springframework.boot.StartupInfoLogger [restartedMain] Starting SpringWebApplication using Java 11.0.12 on gudwin with PID 14756 (C:\Users\Goodwin\IdeaProjects\domestic-service\target\classes started by Gudwin in C:\Users\Goodwin\IdeaProjects\domestic-service)
2021-11-19 01:15:24,986 INFO org.springframework.boot.SpringApplication [restartedMain] The following profiles are active: Production
2021-11-19 01:15:24,992 INFO org.hibernate.validator.internal.util.Version [background-preinit] HV000001: Hibernate Validator 6.2.0.Final
2021-11-19 01:15:25,031 INFO org.springframework.boot.logging.DeferredLog [restartedMain] Devtools property defaults active! Set 'spring.devtools.add-properties' to 'false' to disable
2021-11-19 01:15:25,032 INFO org.springframework.boot.logging.DeferredLog [restartedMain] For additional web related logging consider setting the 'logging.level.web' property to 'DEBUG'
2021-11-19 01:15:25,765 INFO org.springframework.data.repository.config.RepositoryConfigurationDelegate [restartedMain] Bootstrapping Spring Data JPA repositories in DEFAULT mode.
2021-11-19 01:15:25,823 INFO org.springframework.data.repository.config.RepositoryConfigurationDelegate [restartedMain] Finished Spring Data repository scanning in 52 ms. Found 7 JPA repository interfaces.
2021-11-19 01:15:26,305 INFO org.springframework.boot.web.embedded.tomcat.TomcatWebServer [restartedMain] Tomcat initialized with port(s): 8080 (http)
2021-11-19 01:15:26,311 INFO org.apache.juli.logging.DirectJDKLog [restartedMain] Initializing ProtocolHandler ["http-nio-8080"]
2021-11-19 01:15:26,312 INFO org.apache.juli.logging.DirectJDKLog [restartedMain] Starting service [Tomcat]
2021-11-19 01:15:26,312 INFO org.apache.juli.logging.DirectJDKLog [restartedMain] Starting Servlet engine: [Apache Tomcat/9.0.53]
2021-11-19 01:15:26,385 INFO org.apache.juli.logging.DirectJDKLog [restartedMain] Initializing Spring embedded WebApplicationContext
2021-11-19 01:15:26,385 INFO org.springframework.boot.web.servlet.context.ServletWebServerApplicationContext [restartedMain] Root WebApplicationContext: initialization completed in 1353 ms
2021-11-19 01:15:26,484 INFO org.hibernate.jpa.internal.util.LogHelper [restartedMain] HHH000204: Processing PersistenceUnitInfo [name: default]
2021-11-19 01:15:26,509 INFO org.hibernate.Version [restartedMain] HHH000412: Hibernate ORM core version 5.4.32.Final
2021-11-19 01:15:26,573 INFO org.hibernate.annotations.common.reflection.java.JavaReflectionManager [restartedMain] HCANN000001: Hibernate Commons Annotations {5.1.2.Final}
2021-11-19 01:15:26,636 INFO com.zaxxer.hikari.HikariDataSource [restartedMain] HikariPool-1 - Starting...
2021-11-19 01:15:26,823 INFO com.zaxxer.hikari.HikariDataSource [restartedMain] HikariPool-1 - Start completed.
2021-11-19 01:15:26,831 INFO org.hibernate.dialect.Dialect [restartedMain] HHH000400: Using dialect: org.hibernate.dialect.MySQL5InnoDBDialect
2021-11-19 01:15:27,387 INFO org.hibernate.engine.transaction.jta.platform.internal.JtaPlatformInitiator [restartedMain] HHH000490: Using JtaPlatform implementation: [org.hibernate.engine.transaction.jta.platform.internal.NoJtaPlatform]
2021-11-19 01:15:27,394 INFO org.springframework.orm.jpa.AbstractEntityManagerFactoryBean [restartedMain] Initialized JPA EntityManagerFactory for persistence unit 'default'
2021-11-19 01:15:27,433 WARN org.springframework.boot.autoconfigure.orm.jpa.JpaBaseConfiguration$JpaWebConfiguration [restartedMain] spring.jpa.open-in-view is enabled by default. Therefore, database queries may be performed during view rendering. Explicitly configure spring.jpa.open-in-view to disable this warning
2021-11-19 01:15:28,059 INFO org.springframework.security.web.DefaultSecurityFilterChain [restartedMain] Will secure Ant [pattern='/scripts/**'] with []
2021-11-19 01:15:28,059 INFO org.springframework.security.web.DefaultSecurityFilterChain [restartedMain] Will secure Ant [pattern='/styles/**'] with []
2021-11-19 01:15:28,059 INFO org.springframework.security.web.DefaultSecurityFilterChain [restartedMain] Will secure Ant [pattern='/images/**'] with []
2021-11-19 01:15:28,059 INFO org.springframework.security.web.DefaultSecurityFilterChain [restartedMain] Will secure Ant [pattern='/fonts/**'] with []
2021-11-19 01:15:28,080 INFO org.springframework.security.web.DefaultSecurityFilterChain [restartedMain] Will secure any request with [org.springframework.security.web.context.request.async.WebAsyncManagerIntegrationFilter@31c0c637, org.springframework.security.web.context.SecurityContextPersistenceFilter@35d14644, org.springframework.security.web.header.HeaderWriterFilter@7dc3177f, org.springframework.security.web.csrf.CsrfFilter@70876854, org.springframework.security.web.authentication.logout.LogoutFilter@21f82cec, org.springframework.security.web.authentication.UsernamePasswordAuthenticationFilter@71881395, org.springframework.security.web.savedrequest.RequestCacheAwareFilter@2b5a1063, org.springframework.security.web.servletapi.SecurityContextHolderAwareRequestFilter@bb3cf20, org.springframework.security.web.authentication.AnonymousAuthenticationFilter@1e6cb37d, org.springframework.security.web.session.SessionManagementFilter@27997a9, org.springframework.security.web.access.ExceptionTranslationFilter@48f75fbf, org.springframework.security.web.access.intercept.FilterSecurityInterceptor@55ace00d]
2021-11-19 01:15:28,168 INFO org.springframework.boot.devtools.autoconfigure.OptionalLiveReloadServer [restartedMain] LiveReload server is running on port 35729
2021-11-19 01:15:28,320 INFO org.apache.juli.logging.DirectJDKLog [restartedMain] Starting ProtocolHandler ["http-nio-8080"]
2021-11-19 01:15:28,332 INFO org.springframework.boot.web.embedded.tomcat.TomcatWebServer [restartedMain] Tomcat started on port(s): 8080 (http) with context path ''
2021-11-19 01:15:28,643 INFO org.springframework.boot.StartupInfoLogger [restartedMain] Started SpringWebApplication in 4.067 seconds (JVM running for 4.842)
2021-11-19 01:15:42,118 INFO org.springframework.boot.StartupInfoLogger [restartedMain] Starting SpringWebApplication using Java 11.0.12 on gudwin with PID 16200 (C:\Users\Goodwin\IdeaProjects\domestic-service\target\classes started by Gudwin in C:\Users\Goodwin\IdeaProjects\domestic-service)
2021-11-19 01:15:42,121 INFO org.springframework.boot.SpringApplication [restartedMain] The following profiles are active: Production
2021-11-19 01:15:42,126 INFO org.hibernate.validator.internal.util.Version [background-preinit] HV000001: Hibernate Validator 6.2.0.Final
2021-11-19 01:15:42,158 INFO org.springframework.boot.logging.DeferredLog [restartedMain] Devtools property defaults active! Set 'spring.devtools.add-properties' to 'false' to disable
2021-11-19 01:15:42,159 INFO org.springframework.boot.logging.DeferredLog [restartedMain] For additional web related logging consider setting the 'logging.level.web' property to 'DEBUG'
2021-11-19 01:15:42,865 INFO org.springframework.data.repository.config.RepositoryConfigurationDelegate [restartedMain] Bootstrapping Spring Data JPA repositories in DEFAULT mode.
2021-11-19 01:15:42,923 INFO org.springframework.data.repository.config.RepositoryConfigurationDelegate [restartedMain] Finished Spring Data repository scanning in 53 ms. Found 7 JPA repository interfaces.
2021-11-19 01:15:43,386 INFO org.springframework.boot.web.embedded.tomcat.TomcatWebServer [restartedMain] Tomcat initialized with port(s): 8080 (http)
2021-11-19 01:15:43,392 INFO org.apache.juli.logging.DirectJDKLog [restartedMain] Initializing ProtocolHandler ["http-nio-8080"]
2021-11-19 01:15:43,392 INFO org.apache.juli.logging.DirectJDKLog [restartedMain] Starting service [Tomcat]
2021-11-19 01:15:43,393 INFO org.apache.juli.logging.DirectJDKLog [restartedMain] Starting Servlet engine: [Apache Tomcat/9.0.53]
2021-11-19 01:15:43,461 INFO org.apache.juli.logging.DirectJDKLog [restartedMain] Initializing Spring embedded WebApplicationContext
2021-11-19 01:15:43,462 INFO org.springframework.boot.web.servlet.context.ServletWebServerApplicationContext [restartedMain] Root WebApplicationContext: initialization completed in 1302 ms
2021-11-19 01:15:43,557 INFO org.hibernate.jpa.internal.util.LogHelper [restartedMain] HHH000204: Processing PersistenceUnitInfo [name: default]
2021-11-19 01:15:43,581 INFO org.hibernate.Version [restartedMain] HHH000412: Hibernate ORM core version 5.4.32.Final
2021-11-19 01:15:43,650 INFO org.hibernate.annotations.common.reflection.java.JavaReflectionManager [restartedMain] HCANN000001: Hibernate Commons Annotations {5.1.2.Final}
2021-11-19 01:15:43,707 INFO com.zaxxer.hikari.HikariDataSource [restartedMain] HikariPool-1 - Starting...
2021-11-19 01:15:43,893 INFO com.zaxxer.hikari.HikariDataSource [restartedMain] HikariPool-1 - Start completed.
2021-11-19 01:15:43,901 INFO org.hibernate.dialect.Dialect [restartedMain] HHH000400: Using dialect: org.hibernate.dialect.MySQL5InnoDBDialect
2021-11-19 01:15:44,439 INFO org.hibernate.engine.transaction.jta.platform.internal.JtaPlatformInitiator [restartedMain] HHH000490: Using JtaPlatform implementation: [org.hibernate.engine.transaction.jta.platform.internal.NoJtaPlatform]
2021-11-19 01:15:44,444 INFO org.springframework.orm.jpa.AbstractEntityManagerFactoryBean [restartedMain] Initialized JPA EntityManagerFactory for persistence unit 'default'
2021-11-19 01:15:44,482 WARN org.springframework.boot.autoconfigure.orm.jpa.JpaBaseConfiguration$JpaWebConfiguration [restartedMain] spring.jpa.open-in-view is enabled by default. Therefore, database queries may be performed during view rendering. Explicitly configure spring.jpa.open-in-view to disable this warning
2021-11-19 01:15:45,106 INFO org.springframework.security.web.DefaultSecurityFilterChain [restartedMain] Will secure Ant [pattern='/scripts/**'] with []
2021-11-19 01:15:45,107 INFO org.springframework.security.web.DefaultSecurityFilterChain [restartedMain] Will secure Ant [pattern='/styles/**'] with []
2021-11-19 01:15:45,107 INFO org.springframework.security.web.DefaultSecurityFilterChain [restartedMain] Will secure Ant [pattern='/images/**'] with []
2021-11-19 01:15:45,107 INFO org.springframework.security.web.DefaultSecurityFilterChain [restartedMain] Will secure Ant [pattern='/fonts/**'] with []
2021-11-19 01:15:45,130 INFO org.springframework.security.web.DefaultSecurityFilterChain [restartedMain] Will secure any request with [org.springframework.security.web.context.request.async.WebAsyncManagerIntegrationFilter@7371fced, org.springframework.security.web.context.SecurityContextPersistenceFilter@5558cf5c, org.springframework.security.web.header.HeaderWriterFilter@3bc8c414, org.springframework.security.web.csrf.CsrfFilter@65d9a945, org.springframework.security.web.authentication.logout.LogoutFilter@45fd0264, org.springframework.security.web.authentication.UsernamePasswordAuthenticationFilter@60439aaa, org.springframework.security.web.savedrequest.RequestCacheAwareFilter@37427201, org.springframework.security.web.servletapi.SecurityContextHolderAwareRequestFilter@25ecb41d, org.springframework.security.web.authentication.AnonymousAuthenticationFilter@38f78e5d, org.springframework.security.web.session.SessionManagementFilter@37566a31, org.springframework.security.web.access.ExceptionTranslationFilter@59a900da, org.springframework.security.web.access.intercept.FilterSecurityInterceptor@37029cf3]
2021-11-19 01:15:45,222 INFO org.springframework.boot.devtools.autoconfigure.OptionalLiveReloadServer [restartedMain] LiveReload server is running on port 35729
2021-11-19 01:15:45,384 INFO org.apache.juli.logging.DirectJDKLog [restartedMain] Starting ProtocolHandler ["http-nio-8080"]
2021-11-19 01:15:45,399 INFO org.springframework.boot.web.embedded.tomcat.TomcatWebServer [restartedMain] Tomcat started on port(s): 8080 (http) with context path ''
2021-11-19 01:15:45,712 INFO org.springframework.boot.StartupInfoLogger [restartedMain] Started SpringWebApplication in 3.979 seconds (JVM running for 4.712)
2021-11-19 01:15:57,111 INFO org.apache.juli.logging.DirectJDKLog [http-nio-8080-exec-1] Initializing Spring DispatcherServlet 'dispatcherServlet'
2021-11-19 01:15:57,112 INFO org.springframework.web.servlet.FrameworkServlet [http-nio-8080-exec-1] Initializing Servlet 'dispatcherServlet'
2021-11-19 01:15:57,113 INFO org.springframework.web.servlet.FrameworkServlet [http-nio-8080-exec-1] Completed initialization in 1 ms
2021-11-19 01:15:57,258 WARN org.apache.juli.logging.DirectJDKLog [http-nio-8080-exec-1] Creation of SecureRandom instance for session ID generation using [SHA1PRNG] took [119] milliseconds.
2021-11-19 01:16:24,135 INFO org.springframework.boot.StartupInfoLogger [restartedMain] Starting SpringWebApplication using Java 11.0.12 on gudwin with PID 15124 (C:\Users\Goodwin\IdeaProjects\domestic-service\target\classes started by Gudwin in C:\Users\Goodwin\IdeaProjects\domestic-service)
2021-11-19 01:16:24,139 INFO org.springframework.boot.SpringApplication [restartedMain] The following profiles are active: Production
2021-11-19 01:16:24,141 INFO org.hibernate.validator.internal.util.Version [background-preinit] HV000001: Hibernate Validator 6.2.0.Final
2021-11-19 01:16:24,180 INFO org.springframework.boot.logging.DeferredLog [restartedMain] Devtools property defaults active! Set 'spring.devtools.add-properties' to 'false' to disable
2021-11-19 01:16:24,181 INFO org.springframework.boot.logging.DeferredLog [restartedMain] For additional web related logging consider setting the 'logging.level.web' property to 'DEBUG'
2021-11-19 01:16:24,926 INFO org.springframework.data.repository.config.RepositoryConfigurationDelegate [restartedMain] Bootstrapping Spring Data JPA repositories in DEFAULT mode.
2021-11-19 01:16:24,989 INFO org.springframework.data.repository.config.RepositoryConfigurationDelegate [restartedMain] Finished Spring Data repository scanning in 57 ms. Found 7 JPA repository interfaces.
2021-11-19 01:16:25,463 INFO org.springframework.boot.web.embedded.tomcat.TomcatWebServer [restartedMain] Tomcat initialized with port(s): 8080 (http)
2021-11-19 01:16:25,469 INFO org.apache.juli.logging.DirectJDKLog [restartedMain] Initializing ProtocolHandler ["http-nio-8080"]
2021-11-19 01:16:25,470 INFO org.apache.juli.logging.DirectJDKLog [restartedMain] Starting service [Tomcat]
2021-11-19 01:16:25,470 INFO org.apache.juli.logging.DirectJDKLog [restartedMain] Starting Servlet engine: [Apache Tomcat/9.0.53]
2021-11-19 01:16:25,538 INFO org.apache.juli.logging.DirectJDKLog [restartedMain] Initializing Spring embedded WebApplicationContext
2021-11-19 01:16:25,539 INFO org.springframework.boot.web.servlet.context.ServletWebServerApplicationContext [restartedMain] Root WebApplicationContext: initialization completed in 1358 ms
2021-11-19 01:16:25,634 INFO org.hibernate.jpa.internal.util.LogHelper [restartedMain] HHH000204: Processing PersistenceUnitInfo [name: default]
2021-11-19 01:16:25,661 INFO org.hibernate.Version [restartedMain] HHH000412: Hibernate ORM core version 5.4.32.Final
2021-11-19 01:16:25,729 INFO org.hibernate.annotations.common.reflection.java.JavaReflectionManager [restartedMain] HCANN000001: Hibernate Commons Annotations {5.1.2.Final}
2021-11-19 01:16:25,787 INFO com.zaxxer.hikari.HikariDataSource [restartedMain] HikariPool-1 - Starting...
2021-11-19 01:16:25,983 INFO com.zaxxer.hikari.HikariDataSource [restartedMain] HikariPool-1 - Start completed.
2021-11-19 01:16:25,991 INFO org.hibernate.dialect.Dialect [restartedMain] HHH000400: Using dialect: org.hibernate.dialect.MySQL5InnoDBDialect
2021-11-19 01:16:26,549 INFO org.hibernate.engine.transaction.jta.platform.internal.JtaPlatformInitiator [restartedMain] HHH000490: Using JtaPlatform implementation: [org.hibernate.engine.transaction.jta.platform.internal.NoJtaPlatform]
2021-11-19 01:16:26,555 INFO org.springframework.orm.jpa.AbstractEntityManagerFactoryBean [restartedMain] Initialized JPA EntityManagerFactory for persistence unit 'default'
2021-11-19 01:16:26,596 WARN org.springframework.boot.autoconfigure.orm.jpa.JpaBaseConfiguration$JpaWebConfiguration [restartedMain] spring.jpa.open-in-view is enabled by default. Therefore, database queries may be performed during view rendering. Explicitly configure spring.jpa.open-in-view to disable this warning
2021-11-19 01:16:27,242 INFO org.springframework.security.web.DefaultSecurityFilterChain [restartedMain] Will secure Ant [pattern='/scripts/**'] with []
2021-11-19 01:16:27,242 INFO org.springframework.security.web.DefaultSecurityFilterChain [restartedMain] Will secure Ant [pattern='/styles/**'] with []
2021-11-19 01:16:27,242 INFO org.springframework.security.web.DefaultSecurityFilterChain [restartedMain] Will secure Ant [pattern='/images/**'] with []
2021-11-19 01:16:27,242 INFO org.springframework.security.web.DefaultSecurityFilterChain [restartedMain] Will secure Ant [pattern='/fonts/**'] with []
2021-11-19 01:16:27,263 INFO org.springframework.security.web.DefaultSecurityFilterChain [restartedMain] Will secure any request with [org.springframework.security.web.context.request.async.WebAsyncManagerIntegrationFilter@28e0f31, org.springframework.security.web.context.SecurityContextPersistenceFilter@233c7eca, org.springframework.security.web.header.HeaderWriterFilter@124c03aa, org.springframework.security.web.csrf.CsrfFilter@45356f3b, org.springframework.security.web.authentication.logout.LogoutFilter@1a19f908, org.springframework.security.web.authentication.UsernamePasswordAuthenticationFilter@3247bf81, org.springframework.security.web.savedrequest.RequestCacheAwareFilter@695d8145, org.springframework.security.web.servletapi.SecurityContextHolderAwareRequestFilter@55b14cf6, org.springframework.security.web.authentication.AnonymousAuthenticationFilter@4eee2a9a, org.springframework.security.web.session.SessionManagementFilter@624172b4, org.springframework.security.web.access.ExceptionTranslationFilter@294034bf, org.springframework.security.web.access.intercept.FilterSecurityInterceptor@1b42d4dd]
2021-11-19 01:16:27,358 INFO org.springframework.boot.devtools.autoconfigure.OptionalLiveReloadServer [restartedMain] LiveReload server is running on port 35729
2021-11-19 01:16:27,520 INFO org.apache.juli.logging.DirectJDKLog [restartedMain] Starting ProtocolHandler ["http-nio-8080"]
2021-11-19 01:16:27,532 INFO org.springframework.boot.web.embedded.tomcat.TomcatWebServer [restartedMain] Tomcat started on port(s): 8080 (http) with context path ''
2021-11-19 01:16:27,839 INFO org.springframework.boot.StartupInfoLogger [restartedMain] Started SpringWebApplication in 4.143 seconds (JVM running for 4.938)
2021-11-19 01:16:52,533 INFO org.springframework.boot.StartupInfoLogger [restartedMain] Starting SpringWebApplication using Java 11.0.12 on gudwin with PID 13716 (C:\Users\Goodwin\IdeaProjects\domestic-service\target\classes started by Gudwin in C:\Users\Goodwin\IdeaProjects\domestic-service)
2021-11-19 01:16:52,536 INFO org.springframework.boot.SpringApplication [restartedMain] The following profiles are active: Production
2021-11-19 01:16:52,536 INFO org.hibernate.validator.internal.util.Version [background-preinit] HV000001: Hibernate Validator 6.2.0.Final
2021-11-19 01:16:52,577 INFO org.springframework.boot.logging.DeferredLog [restartedMain] Devtools property defaults active! Set 'spring.devtools.add-properties' to 'false' to disable
2021-11-19 01:16:52,578 INFO org.springframework.boot.logging.DeferredLog [restartedMain] For additional web related logging consider setting the 'logging.level.web' property to 'DEBUG'
2021-11-19 01:16:53,291 INFO org.springframework.data.repository.config.RepositoryConfigurationDelegate [restartedMain] Bootstrapping Spring Data JPA repositories in DEFAULT mode.
2021-11-19 01:16:53,354 INFO org.springframework.data.repository.config.RepositoryConfigurationDelegate [restartedMain] Finished Spring Data repository scanning in 56 ms. Found 7 JPA repository interfaces.
2021-11-19 01:16:53,823 INFO org.springframework.boot.web.embedded.tomcat.TomcatWebServer [restartedMain] Tomcat initialized with port(s): 8080 (http)
2021-11-19 01:16:53,829 INFO org.apache.juli.logging.DirectJDKLog [restartedMain] Initializing ProtocolHandler ["http-nio-8080"]
2021-11-19 01:16:53,829 INFO org.apache.juli.logging.DirectJDKLog [restartedMain] Starting service [Tomcat]
2021-11-19 01:16:53,829 INFO org.apache.juli.logging.DirectJDKLog [restartedMain] Starting Servlet engine: [Apache Tomcat/9.0.53]
2021-11-19 01:16:53,901 INFO org.apache.juli.logging.DirectJDKLog [restartedMain] Initializing Spring embedded WebApplicationContext
2021-11-19 01:16:53,901 INFO org.springframework.boot.web.servlet.context.ServletWebServerApplicationContext [restartedMain] Root WebApplicationContext: initialization completed in 1323 ms
2021-11-19 01:16:53,997 INFO org.hibernate.jpa.internal.util.LogHelper [restartedMain] HHH000204: Processing PersistenceUnitInfo [name: default]
2021-11-19 01:16:54,022 INFO org.hibernate.Version [restartedMain] HHH000412: Hibernate ORM core version 5.4.32.Final
2021-11-19 01:16:54,086 INFO org.hibernate.annotations.common.reflection.java.JavaReflectionManager [restartedMain] HCANN000001: Hibernate Commons Annotations {5.1.2.Final}
2021-11-19 01:16:54,150 INFO com.zaxxer.hikari.HikariDataSource [restartedMain] HikariPool-1 - Starting...
2021-11-19 01:16:54,336 INFO com.zaxxer.hikari.HikariDataSource [restartedMain] HikariPool-1 - Start completed.
2021-11-19 01:16:54,344 INFO org.hibernate.dialect.Dialect [restartedMain] HHH000400: Using dialect: org.hibernate.dialect.MySQL5InnoDBDialect
2021-11-19 01:16:54,894 INFO org.hibernate.engine.transaction.jta.platform.internal.JtaPlatformInitiator [restartedMain] HHH000490: Using JtaPlatform implementation: [org.hibernate.engine.transaction.jta.platform.internal.NoJtaPlatform]
2021-11-19 01:16:54,902 INFO org.springframework.orm.jpa.AbstractEntityManagerFactoryBean [restartedMain] Initialized JPA EntityManagerFactory for persistence unit 'default'
2021-11-19 01:16:54,941 WARN org.springframework.boot.autoconfigure.orm.jpa.JpaBaseConfiguration$JpaWebConfiguration [restartedMain] spring.jpa.open-in-view is enabled by default. Therefore, database queries may be performed during view rendering. Explicitly configure spring.jpa.open-in-view to disable this warning
2021-11-19 01:16:55,570 INFO org.springframework.security.web.DefaultSecurityFilterChain [restartedMain] Will secure Ant [pattern='/scripts/**'] with []
2021-11-19 01:16:55,570 INFO org.springframework.security.web.DefaultSecurityFilterChain [restartedMain] Will secure Ant [pattern='/styles/**'] with []
2021-11-19 01:16:55,572 INFO org.springframework.security.web.DefaultSecurityFilterChain [restartedMain] Will secure Ant [pattern='/images/**'] with []
2021-11-19 01:16:55,572 INFO org.springframework.security.web.DefaultSecurityFilterChain [restartedMain] Will secure Ant [pattern='/fonts/**'] with []
2021-11-19 01:16:55,593 INFO org.springframework.security.web.DefaultSecurityFilterChain [restartedMain] Will secure any request with [org.springframework.security.web.context.request.async.WebAsyncManagerIntegrationFilter@34212be7, org.springframework.security.web.context.SecurityContextPersistenceFilter@146ef35f, org.springframework.security.web.header.HeaderWriterFilter@52eef56e, org.springframework.security.web.csrf.CsrfFilter@6543f17a, org.springframework.security.web.authentication.logout.LogoutFilter@788c0c17, org.springframework.security.web.authentication.UsernamePasswordAuthenticationFilter@7e3daefb, org.springframework.security.web.savedrequest.RequestCacheAwareFilter@42c8e5c7, org.springframework.security.web.servletapi.SecurityContextHolderAwareRequestFilter@5aacefa7, org.springframework.security.web.authentication.AnonymousAuthenticationFilter@43d54b13, org.springframework.security.web.session.SessionManagementFilter@18a32aaa, org.springframework.security.web.access.ExceptionTranslationFilter@5dd1cd30, org.springframework.security.web.access.intercept.FilterSecurityInterceptor@22a2efd2]
2021-11-19 01:16:55,681 INFO org.springframework.boot.devtools.autoconfigure.OptionalLiveReloadServer [restartedMain] LiveReload server is running on port 35729
2021-11-19 01:16:55,838 INFO org.apache.juli.logging.DirectJDKLog [restartedMain] Starting ProtocolHandler ["http-nio-8080"]
2021-11-19 01:16:55,852 INFO org.springframework.boot.web.embedded.tomcat.TomcatWebServer [restartedMain] Tomcat started on port(s): 8080 (http) with context path ''
2021-11-19 01:16:56,154 INFO org.springframework.boot.StartupInfoLogger [restartedMain] Started SpringWebApplication in 4.022 seconds (JVM running for 4.791)
2021-11-19 01:16:58,817 INFO org.apache.juli.logging.DirectJDKLog [http-nio-8080-exec-1] Initializing Spring DispatcherServlet 'dispatcherServlet'
2021-11-19 01:16:58,818 INFO org.springframework.web.servlet.FrameworkServlet [http-nio-8080-exec-1] Initializing Servlet 'dispatcherServlet'
2021-11-19 01:16:58,819 INFO org.springframework.web.servlet.FrameworkServlet [http-nio-8080-exec-1] Completed initialization in 1 ms
2021-11-19 01:16:58,957 WARN org.apache.juli.logging.DirectJDKLog [http-nio-8080-exec-1] Creation of SecureRandom instance for session ID generation using [SHA1PRNG] took [117] milliseconds.
2021-11-19 01:23:18,433 INFO org.springframework.boot.StartupInfoLogger [restartedMain] Starting SpringWebApplication using Java 11.0.12 on gudwin with PID 4796 (C:\Users\Goodwin\IdeaProjects\domestic-service\target\classes started by Gudwin in C:\Users\Goodwin\IdeaProjects\domestic-service)
2021-11-19 01:23:18,434 INFO org.hibernate.validator.internal.util.Version [background-preinit] HV000001: Hibernate Validator 6.2.0.Final
2021-11-19 01:23:18,436 INFO org.springframework.boot.SpringApplication [restartedMain] The following profiles are active: Production
2021-11-19 01:23:18,481 INFO org.springframework.boot.logging.DeferredLog [restartedMain] Devtools property defaults active! Set 'spring.devtools.add-properties' to 'false' to disable
2021-11-19 01:23:18,481 INFO org.springframework.boot.logging.DeferredLog [restartedMain] For additional web related logging consider setting the 'logging.level.web' property to 'DEBUG'
2021-11-19 01:23:19,265 INFO org.springframework.data.repository.config.RepositoryConfigurationDelegate [restartedMain] Bootstrapping Spring Data JPA repositories in DEFAULT mode.
2021-11-19 01:23:19,329 INFO org.springframework.data.repository.config.RepositoryConfigurationDelegate [restartedMain] Finished Spring Data repository scanning in 57 ms. Found 7 JPA repository interfaces.
2021-11-19 01:23:19,845 INFO org.springframework.boot.web.embedded.tomcat.TomcatWebServer [restartedMain] Tomcat initialized with port(s): 8080 (http)
2021-11-19 01:23:19,851 INFO org.apache.juli.logging.DirectJDKLog [restartedMain] Initializing ProtocolHandler ["http-nio-8080"]
2021-11-19 01:23:19,851 INFO org.apache.juli.logging.DirectJDKLog [restartedMain] Starting service [Tomcat]
2021-11-19 01:23:19,852 INFO org.apache.juli.logging.DirectJDKLog [restartedMain] Starting Servlet engine: [Apache Tomcat/9.0.53]
2021-11-19 01:23:19,925 INFO org.apache.juli.logging.DirectJDKLog [restartedMain] Initializing Spring embedded WebApplicationContext
2021-11-19 01:23:19,925 INFO org.springframework.boot.web.servlet.context.ServletWebServerApplicationContext [restartedMain] Root WebApplicationContext: initialization completed in 1443 ms
2021-11-19 01:23:20,029 INFO org.hibernate.jpa.internal.util.LogHelper [restartedMain] HHH000204: Processing PersistenceUnitInfo [name: default]
2021-11-19 01:23:20,057 INFO org.hibernate.Version [restartedMain] HHH000412: Hibernate ORM core version 5.4.32.Final
2021-11-19 01:23:20,130 INFO org.hibernate.annotations.common.reflection.java.JavaReflectionManager [restartedMain] HCANN000001: Hibernate Commons Annotations {5.1.2.Final}
2021-11-19 01:23:20,188 INFO com.zaxxer.hikari.HikariDataSource [restartedMain] HikariPool-1 - Starting...
2021-11-19 01:23:20,391 INFO com.zaxxer.hikari.HikariDataSource [restartedMain] HikariPool-1 - Start completed.
2021-11-19 01:23:20,399 INFO org.hibernate.dialect.Dialect [restartedMain] HHH000400: Using dialect: org.hibernate.dialect.MySQL5InnoDBDialect
2021-11-19 01:23:21,009 INFO org.hibernate.engine.transaction.jta.platform.internal.JtaPlatformInitiator [restartedMain] HHH000490: Using JtaPlatform implementation: [org.hibernate.engine.transaction.jta.platform.internal.NoJtaPlatform]
2021-11-19 01:23:21,015 INFO org.springframework.orm.jpa.AbstractEntityManagerFactoryBean [restartedMain] Initialized JPA EntityManagerFactory for persistence unit 'default'
2021-11-19 01:23:21,059 WARN org.springframework.boot.autoconfigure.orm.jpa.JpaBaseConfiguration$JpaWebConfiguration [restartedMain] spring.jpa.open-in-view is enabled by default. Therefore, database queries may be performed during view rendering. Explicitly configure spring.jpa.open-in-view to disable this warning
2021-11-19 01:23:21,728 INFO org.springframework.security.web.DefaultSecurityFilterChain [restartedMain] Will secure Ant [pattern='/scripts/**'] with []
2021-11-19 01:23:21,728 INFO org.springframework.security.web.DefaultSecurityFilterChain [restartedMain] Will secure Ant [pattern='/styles/**'] with []
2021-11-19 01:23:21,728 INFO org.springframework.security.web.DefaultSecurityFilterChain [restartedMain] Will secure Ant [pattern='/images/**'] with []
2021-11-19 01:23:21,728 INFO org.springframework.security.web.DefaultSecurityFilterChain [restartedMain] Will secure Ant [pattern='/fonts/**'] with []
2021-11-19 01:23:21,750 INFO org.springframework.security.web.DefaultSecurityFilterChain [restartedMain] Will secure any request with [org.springframework.security.web.context.request.async.WebAsyncManagerIntegrationFilter@7492ff3c, org.springframework.security.web.context.SecurityContextPersistenceFilter@ab8b3e0, org.springframework.security.web.header.HeaderWriterFilter@3c086de1, org.springframework.security.web.csrf.CsrfFilter@a41f417, org.springframework.security.web.authentication.logout.LogoutFilter@4e598ee3, org.springframework.security.web.authentication.UsernamePasswordAuthenticationFilter@d57c4ab, org.springframework.security.web.savedrequest.RequestCacheAwareFilter@bb3cf20, org.springframework.security.web.servletapi.SecurityContextHolderAwareRequestFilter@2c62a230, org.springframework.security.web.authentication.AnonymousAuthenticationFilter@66680e2f, org.springframework.security.web.session.SessionManagementFilter@67bbf694, org.springframework.security.web.access.ExceptionTranslationFilter@2b5a1063, org.springframework.security.web.access.intercept.FilterSecurityInterceptor@74eee19e]
2021-11-19 01:23:21,855 INFO org.springframework.boot.devtools.autoconfigure.OptionalLiveReloadServer [restartedMain] LiveReload server is running on port 35729
2021-11-19 01:23:22,040 INFO org.apache.juli.logging.DirectJDKLog [restartedMain] Starting ProtocolHandler ["http-nio-8080"]
2021-11-19 01:23:22,054 INFO org.springframework.boot.web.embedded.tomcat.TomcatWebServer [restartedMain] Tomcat started on port(s): 8080 (http) with context path ''
2021-11-19 01:23:22,374 INFO org.springframework.boot.StartupInfoLogger [restartedMain] Started SpringWebApplication in 4.405 seconds (JVM running for 5.279)
2021-11-19 01:23:28,789 INFO org.apache.juli.logging.DirectJDKLog [http-nio-8080-exec-1] Initializing Spring DispatcherServlet 'dispatcherServlet'
2021-11-19 01:23:28,789 INFO org.springframework.web.servlet.FrameworkServlet [http-nio-8080-exec-1] Initializing Servlet 'dispatcherServlet'
2021-11-19 01:23:28,790 INFO org.springframework.web.servlet.FrameworkServlet [http-nio-8080-exec-1] Completed initialization in 1 ms
2021-11-19 01:23:30,365 WARN org.apache.juli.logging.DirectJDKLog [http-nio-8080-exec-5] Creation of SecureRandom instance for session ID generation using [SHA1PRNG] took [119] milliseconds.
2021-11-19 01:33:08,174 INFO org.springframework.boot.StartupInfoLogger [restartedMain] Starting SpringWebApplication using Java 11.0.12 on gudwin with PID 13580 (C:\Users\Goodwin\IdeaProjects\domestic-service\target\classes started by Gudwin in C:\Users\Goodwin\IdeaProjects\domestic-service)
2021-11-19 01:33:08,175 INFO org.hibernate.validator.internal.util.Version [background-preinit] HV000001: Hibernate Validator 6.2.0.Final
2021-11-19 01:33:08,177 INFO org.springframework.boot.SpringApplication [restartedMain] The following profiles are active: Production
2021-11-19 01:33:08,213 INFO org.springframework.boot.logging.DeferredLog [restartedMain] Devtools property defaults active! Set 'spring.devtools.add-properties' to 'false' to disable
2021-11-19 01:33:08,214 INFO org.springframework.boot.logging.DeferredLog [restartedMain] For additional web related logging consider setting the 'logging.level.web' property to 'DEBUG'
2021-11-19 01:33:08,887 INFO org.springframework.data.repository.config.RepositoryConfigurationDelegate [restartedMain] Bootstrapping Spring Data JPA repositories in DEFAULT mode.
2021-11-19 01:33:08,950 INFO org.springframework.data.repository.config.RepositoryConfigurationDelegate [restartedMain] Finished Spring Data repository scanning in 57 ms. Found 7 JPA repository interfaces.
2021-11-19 01:33:09,423 INFO org.springframework.boot.web.embedded.tomcat.TomcatWebServer [restartedMain] Tomcat initialized with port(s): 8080 (http)
2021-11-19 01:33:09,429 INFO org.apache.juli.logging.DirectJDKLog [restartedMain] Initializing ProtocolHandler ["http-nio-8080"]
2021-11-19 01:33:09,430 INFO org.apache.juli.logging.DirectJDKLog [restartedMain] Starting service [Tomcat]
2021-11-19 01:33:09,430 INFO org.apache.juli.logging.DirectJDKLog [restartedMain] Starting Servlet engine: [Apache Tomcat/9.0.53]
2021-11-19 01:33:09,500 INFO org.apache.juli.logging.DirectJDKLog [restartedMain] Initializing Spring embedded WebApplicationContext
2021-11-19 01:33:09,501 INFO org.springframework.boot.web.servlet.context.ServletWebServerApplicationContext [restartedMain] Root WebApplicationContext: initialization completed in 1287 ms
2021-11-19 01:33:09,596 INFO org.hibernate.jpa.internal.util.LogHelper [restartedMain] HHH000204: Processing PersistenceUnitInfo [name: default]
2021-11-19 01:33:09,620 INFO org.hibernate.Version [restartedMain] HHH000412: Hibernate ORM core version 5.4.32.Final
2021-11-19 01:33:09,684 INFO org.hibernate.annotations.common.reflection.java.JavaReflectionManager [restartedMain] HCANN000001: Hibernate Commons Annotations {5.1.2.Final}
2021-11-19 01:33:09,746 INFO com.zaxxer.hikari.HikariDataSource [restartedMain] HikariPool-1 - Starting...
2021-11-19 01:33:09,939 INFO com.zaxxer.hikari.HikariDataSource [restartedMain] HikariPool-1 - Start completed.
2021-11-19 01:33:09,947 INFO org.hibernate.dialect.Dialect [restartedMain] HHH000400: Using dialect: org.hibernate.dialect.MySQL5InnoDBDialect
2021-11-19 01:33:10,500 INFO org.hibernate.engine.transaction.jta.platform.internal.JtaPlatformInitiator [restartedMain] HHH000490: Using JtaPlatform implementation: [org.hibernate.engine.transaction.jta.platform.internal.NoJtaPlatform]
2021-11-19 01:33:10,506 INFO org.springframework.orm.jpa.AbstractEntityManagerFactoryBean [restartedMain] Initialized JPA EntityManagerFactory for persistence unit 'default'
2021-11-19 01:33:10,539 WARN org.springframework.boot.autoconfigure.orm.jpa.JpaBaseConfiguration$JpaWebConfiguration [restartedMain] spring.jpa.open-in-view is enabled by default. Therefore, database queries may be performed during view rendering. Explicitly configure spring.jpa.open-in-view to disable this warning
2021-11-19 01:33:11,166 INFO org.springframework.security.web.DefaultSecurityFilterChain [restartedMain] Will secure Ant [pattern='/scripts/**'] with []
2021-11-19 01:33:11,166 INFO org.springframework.security.web.DefaultSecurityFilterChain [restartedMain] Will secure Ant [pattern='/styles/**'] with []
2021-11-19 01:33:11,166 INFO org.springframework.security.web.DefaultSecurityFilterChain [restartedMain] Will secure Ant [pattern='/images/**'] with []
2021-11-19 01:33:11,166 INFO org.springframework.security.web.DefaultSecurityFilterChain [restartedMain] Will secure Ant [pattern='/fonts/**'] with []
2021-11-19 01:33:11,186 INFO org.springframework.security.web.DefaultSecurityFilterChain [restartedMain] Will secure any request with [org.springframework.security.web.context.request.async.WebAsyncManagerIntegrationFilter@527b1ef2, org.springframework.security.web.context.SecurityContextPersistenceFilter@1b478995, org.springframework.security.web.header.HeaderWriterFilter@39000c75, org.springframework.security.web.csrf.CsrfFilter@77c7c3de, org.springframework.security.web.authentication.logout.LogoutFilter@de980e, org.springframework.security.web.authentication.UsernamePasswordAuthenticationFilter@3faa8924, org.springframework.security.web.savedrequest.RequestCacheAwareFilter@457c4f84, org.springframework.security.web.servletapi.SecurityContextHolderAwareRequestFilter@17d9f355, org.springframework.security.web.authentication.AnonymousAuthenticationFilter@4fab7dc8, org.springframework.security.web.session.SessionManagementFilter@44da1764, org.springframework.security.web.access.ExceptionTranslationFilter@334817ce, org.springframework.security.web.access.intercept.FilterSecurityInterceptor@503a71e4]
2021-11-19 01:33:11,273 INFO org.springframework.boot.devtools.autoconfigure.OptionalLiveReloadServer [restartedMain] LiveReload server is running on port 35729
2021-11-19 01:33:11,424 INFO org.apache.juli.logging.DirectJDKLog [restartedMain] Starting ProtocolHandler ["http-nio-8080"]
2021-11-19 01:33:11,436 INFO org.springframework.boot.web.embedded.tomcat.TomcatWebServer [restartedMain] Tomcat started on port(s): 8080 (http) with context path ''
2021-11-19 01:33:11,741 INFO org.springframework.boot.StartupInfoLogger [restartedMain] Started SpringWebApplication in 3.982 seconds (JVM running for 4.726)
2021-11-19 01:33:23,448 INFO org.apache.juli.logging.DirectJDKLog [http-nio-8080-exec-1] Initializing Spring DispatcherServlet 'dispatcherServlet'
2021-11-19 01:33:23,449 INFO org.springframework.web.servlet.FrameworkServlet [http-nio-8080-exec-1] Initializing Servlet 'dispatcherServlet'
2021-11-19 01:33:23,450 INFO org.springframework.web.servlet.FrameworkServlet [http-nio-8080-exec-1] Completed initialization in 1 ms
2021-11-19 01:33:23,591 WARN org.apache.juli.logging.DirectJDKLog [http-nio-8080-exec-1] Creation of SecureRandom instance for session ID generation using [SHA1PRNG] took [119] milliseconds.
2021-11-19 01:36:15,940 INFO org.springframework.boot.StartupInfoLogger [restartedMain] Starting SpringWebApplication using Java 11.0.12 on gudwin with PID 15896 (C:\Users\Goodwin\IdeaProjects\domestic-service\target\classes started by Gudwin in C:\Users\Goodwin\IdeaProjects\domestic-service)
2021-11-19 01:36:15,944 INFO org.springframework.boot.SpringApplication [restartedMain] The following profiles are active: Production
2021-11-19 01:36:15,946 INFO org.hibernate.validator.internal.util.Version [background-preinit] HV000001: Hibernate Validator 6.2.0.Final
2021-11-19 01:36:15,988 INFO org.springframework.boot.logging.DeferredLog [restartedMain] Devtools property defaults active! Set 'spring.devtools.add-properties' to 'false' to disable
2021-11-19 01:36:15,989 INFO org.springframework.boot.logging.DeferredLog [restartedMain] For additional web related logging consider setting the 'logging.level.web' property to 'DEBUG'
2021-11-19 01:36:16,683 INFO org.springframework.data.repository.config.RepositoryConfigurationDelegate [restartedMain] Bootstrapping Spring Data JPA repositories in DEFAULT mode.
2021-11-19 01:36:16,744 INFO org.springframework.data.repository.config.RepositoryConfigurationDelegate [restartedMain] Finished Spring Data repository scanning in 55 ms. Found 7 JPA repository interfaces.
2021-11-19 01:36:17,225 INFO org.springframework.boot.web.embedded.tomcat.TomcatWebServer [restartedMain] Tomcat initialized with port(s): 8080 (http)
2021-11-19 01:36:17,232 INFO org.apache.juli.logging.DirectJDKLog [restartedMain] Initializing ProtocolHandler ["http-nio-8080"]
2021-11-19 01:36:17,232 INFO org.apache.juli.logging.DirectJDKLog [restartedMain] Starting service [Tomcat]
2021-11-19 01:36:17,232 INFO org.apache.juli.logging.DirectJDKLog [restartedMain] Starting Servlet engine: [Apache Tomcat/9.0.53]
2021-11-19 01:36:17,303 INFO org.apache.juli.logging.DirectJDKLog [restartedMain] Initializing Spring embedded WebApplicationContext
2021-11-19 01:36:17,304 INFO org.springframework.boot.web.servlet.context.ServletWebServerApplicationContext [restartedMain] Root WebApplicationContext: initialization completed in 1315 ms
2021-11-19 01:36:17,401 INFO org.hibernate.jpa.internal.util.LogHelper [restartedMain] HHH000204: Processing PersistenceUnitInfo [name: default]
2021-11-19 01:36:17,432 INFO org.hibernate.Version [restartedMain] HHH000412: Hibernate ORM core version 5.4.32.Final
2021-11-19 01:36:17,520 INFO org.hibernate.annotations.common.reflection.java.JavaReflectionManager [restartedMain] HCANN000001: Hibernate Commons Annotations {5.1.2.Final}
2021-11-19 01:36:17,586 INFO com.zaxxer.hikari.HikariDataSource [restartedMain] HikariPool-1 - Starting...
2021-11-19 01:36:17,847 INFO com.zaxxer.hikari.HikariDataSource [restartedMain] HikariPool-1 - Start completed.
2021-11-19 01:36:17,856 INFO org.hibernate.dialect.Dialect [restartedMain] HHH000400: Using dialect: org.hibernate.dialect.MySQL5InnoDBDialect
2021-11-19 01:36:18,463 INFO org.hibernate.engine.transaction.jta.platform.internal.JtaPlatformInitiator [restartedMain] HHH000490: Using JtaPlatform implementation: [org.hibernate.engine.transaction.jta.platform.internal.NoJtaPlatform]
2021-11-19 01:36:18,469 INFO org.springframework.orm.jpa.AbstractEntityManagerFactoryBean [restartedMain] Initialized JPA EntityManagerFactory for persistence unit 'default'
2021-11-19 01:36:18,511 WARN org.springframework.boot.autoconfigure.orm.jpa.JpaBaseConfiguration$JpaWebConfiguration [restartedMain] spring.jpa.open-in-view is enabled by default. Therefore, database queries may be performed during view rendering. Explicitly configure spring.jpa.open-in-view to disable this warning
2021-11-19 01:36:19,168 INFO org.springframework.security.web.DefaultSecurityFilterChain [restartedMain] Will secure Ant [pattern='/scripts/**'] with []
2021-11-19 01:36:19,168 INFO org.springframework.security.web.DefaultSecurityFilterChain [restartedMain] Will secure Ant [pattern='/styles/**'] with []
2021-11-19 01:36:19,169 INFO org.springframework.security.web.DefaultSecurityFilterChain [restartedMain] Will secure Ant [pattern='/images/**'] with []
2021-11-19 01:36:19,169 INFO org.springframework.security.web.DefaultSecurityFilterChain [restartedMain] Will secure Ant [pattern='/fonts/**'] with []
2021-11-19 01:36:19,190 INFO org.springframework.security.web.DefaultSecurityFilterChain [restartedMain] Will secure any request with [org.springframework.security.web.context.request.async.WebAsyncManagerIntegrationFilter@4a0aaea2, org.springframework.security.web.context.SecurityContextPersistenceFilter@65d9a945, org.springframework.security.web.header.HeaderWriterFilter@2cc7faab, org.springframework.security.web.csrf.CsrfFilter@5cc86db8, org.springframework.security.web.authentication.logout.LogoutFilter@593ef4dc, org.springframework.security.web.authentication.UsernamePasswordAuthenticationFilter@6b75408d, org.springframework.security.web.savedrequest.RequestCacheAwareFilter@39962dc, org.springframework.security.web.servletapi.SecurityContextHolderAwareRequestFilter@d9af6c3, org.springframework.security.web.authentication.AnonymousAuthenticationFilter@50ce70a7, org.springframework.security.web.session.SessionManagementFilter@7646772b, org.springframework.security.web.access.ExceptionTranslationFilter@3c58cffb, org.springframework.security.web.access.intercept.FilterSecurityInterceptor@32bffc41]
2021-11-19 01:36:19,281 INFO org.springframework.boot.devtools.autoconfigure.OptionalLiveReloadServer [restartedMain] LiveReload server is running on port 35729
2021-11-19 01:36:19,433 INFO org.apache.juli.logging.DirectJDKLog [restartedMain] Starting ProtocolHandler ["http-nio-8080"]
2021-11-19 01:36:19,446 INFO org.springframework.boot.web.embedded.tomcat.TomcatWebServer [restartedMain] Tomcat started on port(s): 8080 (http) with context path ''
2021-11-19 01:36:19,796 INFO org.springframework.boot.StartupInfoLogger [restartedMain] Started SpringWebApplication in 4.299 seconds (JVM running for 5.052)
2021-11-19 01:36:21,349 INFO org.apache.juli.logging.DirectJDKLog [http-nio-8080-exec-1] Initializing Spring DispatcherServlet 'dispatcherServlet'
2021-11-19 01:36:21,350 INFO org.springframework.web.servlet.FrameworkServlet [http-nio-8080-exec-1] Initializing Servlet 'dispatcherServlet'
2021-11-19 01:36:21,351 INFO org.springframework.web.servlet.FrameworkServlet [http-nio-8080-exec-1] Completed initialization in 1 ms
2021-11-19 01:36:23,228 WARN org.apache.juli.logging.DirectJDKLog [http-nio-8080-exec-3] Creation of SecureRandom instance for session ID generation using [SHA1PRNG] took [118] milliseconds.
2021-11-19 01:37:24,164 INFO org.springframework.boot.StartupInfoLogger [restartedMain] Starting SpringWebApplication using Java 11.0.12 on gudwin with PID 2376 (C:\Users\Goodwin\IdeaProjects\domestic-service\target\classes started by Gudwin in C:\Users\Goodwin\IdeaProjects\domestic-service)
2021-11-19 01:37:24,167 INFO org.springframework.boot.SpringApplication [restartedMain] The following profiles are active: Production
2021-11-19 01:37:24,172 INFO org.hibernate.validator.internal.util.Version [background-preinit] HV000001: Hibernate Validator 6.2.0.Final
2021-11-19 01:37:24,209 INFO org.springframework.boot.logging.DeferredLog [restartedMain] Devtools property defaults active! Set 'spring.devtools.add-properties' to 'false' to disable
2021-11-19 01:37:24,209 INFO org.springframework.boot.logging.DeferredLog [restartedMain] For additional web related logging consider setting the 'logging.level.web' property to 'DEBUG'
2021-11-19 01:37:24,881 INFO org.springframework.data.repository.config.RepositoryConfigurationDelegate [restartedMain] Bootstrapping Spring Data JPA repositories in DEFAULT mode.
2021-11-19 01:37:24,939 INFO org.springframework.data.repository.config.RepositoryConfigurationDelegate [restartedMain] Finished Spring Data repository scanning in 52 ms. Found 7 JPA repository interfaces.
2021-11-19 01:37:25,406 INFO org.springframework.boot.web.embedded.tomcat.TomcatWebServer [restartedMain] Tomcat initialized with port(s): 8080 (http)
2021-11-19 01:37:25,412 INFO org.apache.juli.logging.DirectJDKLog [restartedMain] Initializing ProtocolHandler ["http-nio-8080"]
2021-11-19 01:37:25,412 INFO org.apache.juli.logging.DirectJDKLog [restartedMain] Starting service [Tomcat]
2021-11-19 01:37:25,412 INFO org.apache.juli.logging.DirectJDKLog [restartedMain] Starting Servlet engine: [Apache Tomcat/9.0.53]
2021-11-19 01:37:25,484 INFO org.apache.juli.logging.DirectJDKLog [restartedMain] Initializing Spring embedded WebApplicationContext
2021-11-19 01:37:25,485 INFO org.springframework.boot.web.servlet.context.ServletWebServerApplicationContext [restartedMain] Root WebApplicationContext: initialization completed in 1275 ms
2021-11-19 01:37:25,578 INFO org.hibernate.jpa.internal.util.LogHelper [restartedMain] HHH000204: Processing PersistenceUnitInfo [name: default]
2021-11-19 01:37:25,604 INFO org.hibernate.Version [restartedMain] HHH000412: Hibernate ORM core version 5.4.32.Final
2021-11-19 01:37:25,677 INFO org.hibernate.annotations.common.reflection.java.JavaReflectionManager [restartedMain] HCANN000001: Hibernate Commons Annotations {5.1.2.Final}
2021-11-19 01:37:25,737 INFO com.zaxxer.hikari.HikariDataSource [restartedMain] HikariPool-1 - Starting...
2021-11-19 01:37:25,935 INFO com.zaxxer.hikari.HikariDataSource [restartedMain] HikariPool-1 - Start completed.
2021-11-19 01:37:25,943 INFO org.hibernate.dialect.Dialect [restartedMain] HHH000400: Using dialect: org.hibernate.dialect.MySQL5InnoDBDialect
2021-11-19 01:37:26,484 INFO org.hibernate.engine.transaction.jta.platform.internal.JtaPlatformInitiator [restartedMain] HHH000490: Using JtaPlatform implementation: [org.hibernate.engine.transaction.jta.platform.internal.NoJtaPlatform]
2021-11-19 01:37:26,490 INFO org.springframework.orm.jpa.AbstractEntityManagerFactoryBean [restartedMain] Initialized JPA EntityManagerFactory for persistence unit 'default'
2021-11-19 01:37:26,528 WARN org.springframework.boot.autoconfigure.orm.jpa.JpaBaseConfiguration$JpaWebConfiguration [restartedMain] spring.jpa.open-in-view is enabled by default. Therefore, database queries may be performed during view rendering. Explicitly configure spring.jpa.open-in-view to disable this warning
2021-11-19 01:37:27,156 INFO org.springframework.security.web.DefaultSecurityFilterChain [restartedMain] Will secure Ant [pattern='/scripts/**'] with []
2021-11-19 01:37:27,156 INFO org.springframework.security.web.DefaultSecurityFilterChain [restartedMain] Will secure Ant [pattern='/styles/**'] with []
2021-11-19 01:37:27,156 INFO org.springframework.security.web.DefaultSecurityFilterChain [restartedMain] Will secure Ant [pattern='/images/**'] with []
2021-11-19 01:37:27,156 INFO org.springframework.security.web.DefaultSecurityFilterChain [restartedMain] Will secure Ant [pattern='/fonts/**'] with []
2021-11-19 01:37:27,177 INFO org.springframework.security.web.DefaultSecurityFilterChain [restartedMain] Will secure any request with [org.springframework.security.web.context.request.async.WebAsyncManagerIntegrationFilter@14ecb556, org.springframework.security.web.context.SecurityContextPersistenceFilter@3a0be3b5, org.springframework.security.web.header.HeaderWriterFilter@47b31148, org.springframework.security.web.csrf.CsrfFilter@7a7d2026, org.springframework.security.web.authentication.logout.LogoutFilter@661b894d, org.springframework.security.web.authentication.UsernamePasswordAuthenticationFilter@1d29bbbb, org.springframework.security.web.savedrequest.RequestCacheAwareFilter@1259d669, org.springframework.security.web.servletapi.SecurityContextHolderAwareRequestFilter@4a45045b, org.springframework.security.web.authentication.AnonymousAuthenticationFilter@186121d6, org.springframework.security.web.session.SessionManagementFilter@59d3859d, org.springframework.security.web.access.ExceptionTranslationFilter@7e1b42f4, org.springframework.security.web.access.intercept.FilterSecurityInterceptor@3ca6e1b2]
2021-11-19 01:37:27,262 INFO org.springframework.boot.devtools.autoconfigure.OptionalLiveReloadServer [restartedMain] LiveReload server is running on port 35729
2021-11-19 01:37:27,413 INFO org.apache.juli.logging.DirectJDKLog [restartedMain] Starting ProtocolHandler ["http-nio-8080"]
2021-11-19 01:37:27,425 INFO org.springframework.boot.web.embedded.tomcat.TomcatWebServer [restartedMain] Tomcat started on port(s): 8080 (http) with context path ''
2021-11-19 01:37:27,727 INFO org.springframework.boot.StartupInfoLogger [restartedMain] Started SpringWebApplication in 3.952 seconds (JVM running for 4.648)
2021-11-19 01:37:30,682 INFO org.apache.juli.logging.DirectJDKLog [http-nio-8080-exec-1] Initializing Spring DispatcherServlet 'dispatcherServlet'
2021-11-19 01:37:30,683 INFO org.springframework.web.servlet.FrameworkServlet [http-nio-8080-exec-1] Initializing Servlet 'dispatcherServlet'
2021-11-19 01:37:30,684 INFO org.springframework.web.servlet.FrameworkServlet [http-nio-8080-exec-1] Completed initialization in 1 ms
2021-11-19 01:37:32,024 WARN org.apache.juli.logging.DirectJDKLog [http-nio-8080-exec-5] Creation of SecureRandom instance for session ID generation using [SHA1PRNG] took [117] milliseconds.
2021-11-19 09:19:43,626 INFO org.hibernate.validator.internal.util.Version [background-preinit] HV000001: Hibernate Validator 6.2.0.Final
2021-11-19 09:19:43,876 ERROR org.springframework.boot.diagnostics.LoggingFailureAnalysisReporter [restartedMain] 

***************************
APPLICATION FAILED TO START
***************************

Description:

An attempt was made to call a method that does not exist. The attempt was made from the following location:

    org.springframework.boot.SpringApplication.run(SpringApplication.java:336)

The following method did not exist:

    org.springframework.context.ConfigurableApplicationContext.setApplicationStartup(Lorg/springframework/core/metrics/ApplicationStartup;)V

The method's class, org.springframework.context.ConfigurableApplicationContext, is available from the following locations:

    jar:file:/C:/Users/Goodwin/IdeaProjects/domestic-service/lib/spring-context-5.2.3.RELEASE.jar!/org/springframework/context/ConfigurableApplicationContext.class
    jar:file:/C:/Users/Goodwin/.m2/repository/org/springframework/spring-context/5.3.10/spring-context-5.3.10.jar!/org/springframework/context/ConfigurableApplicationContext.class

The class hierarchy was loaded from the following locations:

    org.springframework.context.ConfigurableApplicationContext: file:/C:/Users/Goodwin/IdeaProjects/domestic-service/lib/spring-context-5.2.3.RELEASE.jar


Action:

Correct the classpath of your application so that it contains a single, compatible version of org.springframework.context.ConfigurableApplicationContext

2021-11-19 09:24:02,889 INFO org.hibernate.validator.internal.util.Version [background-preinit] HV000001: Hibernate Validator 6.2.0.Final
2021-11-19 09:24:03,108 ERROR org.springframework.boot.diagnostics.LoggingFailureAnalysisReporter [restartedMain] 

***************************
APPLICATION FAILED TO START
***************************

Description:

An attempt was made to call a method that does not exist. The attempt was made from the following location:

    org.springframework.boot.SpringApplication.run(SpringApplication.java:336)

The following method did not exist:

    org.springframework.context.ConfigurableApplicationContext.setApplicationStartup(Lorg/springframework/core/metrics/ApplicationStartup;)V

The method's class, org.springframework.context.ConfigurableApplicationContext, is available from the following locations:

    jar:file:/C:/Users/Goodwin/IdeaProjects/domestic-service/lib/spring-context-5.2.3.RELEASE.jar!/org/springframework/context/ConfigurableApplicationContext.class
    jar:file:/C:/Users/Goodwin/.m2/repository/org/springframework/spring-context/5.3.10/spring-context-5.3.10.jar!/org/springframework/context/ConfigurableApplicationContext.class

The class hierarchy was loaded from the following locations:

    org.springframework.context.ConfigurableApplicationContext: file:/C:/Users/Goodwin/IdeaProjects/domestic-service/lib/spring-context-5.2.3.RELEASE.jar


Action:

Correct the classpath of your application so that it contains a single, compatible version of org.springframework.context.ConfigurableApplicationContext

2021-11-19 09:26:16,383 INFO org.hibernate.validator.internal.util.Version [background-preinit] HV000001: Hibernate Validator 6.2.0.Final
2021-11-19 09:26:16,711 ERROR org.springframework.boot.diagnostics.LoggingFailureAnalysisReporter [restartedMain] 

***************************
APPLICATION FAILED TO START
***************************

Description:

An attempt was made to call a method that does not exist. The attempt was made from the following location:

    org.springframework.boot.SpringApplication.run(SpringApplication.java:336)

The following method did not exist:

    org.springframework.context.ConfigurableApplicationContext.setApplicationStartup(Lorg/springframework/core/metrics/ApplicationStartup;)V

The method's class, org.springframework.context.ConfigurableApplicationContext, is available from the following locations:

    jar:file:/C:/Users/Goodwin/IdeaProjects/domestic-service/lib/spring-context-5.2.3.RELEASE.jar!/org/springframework/context/ConfigurableApplicationContext.class
    jar:file:/C:/Users/Goodwin/.m2/repository/org/springframework/spring-context/5.3.10/spring-context-5.3.10.jar!/org/springframework/context/ConfigurableApplicationContext.class

The class hierarchy was loaded from the following locations:

    org.springframework.context.ConfigurableApplicationContext: file:/C:/Users/Goodwin/IdeaProjects/domestic-service/lib/spring-context-5.2.3.RELEASE.jar


Action:

Correct the classpath of your application so that it contains a single, compatible version of org.springframework.context.ConfigurableApplicationContext

2021-11-19 09:29:23,242 INFO org.springframework.boot.StartupInfoLogger [restartedMain] Starting SpringWebApplication using Java 11.0.12 on gudwin with PID 13500 (C:\Users\Goodwin\IdeaProjects\domestic-service\target\classes started by Gudwin in C:\Users\Goodwin\IdeaProjects\domestic-service)
2021-11-19 09:29:23,258 INFO org.springframework.boot.SpringApplication [restartedMain] The following profiles are active: Production
2021-11-19 09:29:23,274 INFO org.hibernate.validator.internal.util.Version [background-preinit] HV000001: Hibernate Validator 6.2.0.Final
2021-11-19 09:29:23,305 INFO org.springframework.boot.logging.DeferredLog [restartedMain] Devtools property defaults active! Set 'spring.devtools.add-properties' to 'false' to disable
2021-11-19 09:29:23,305 INFO org.springframework.boot.logging.DeferredLog [restartedMain] For additional web related logging consider setting the 'logging.level.web' property to 'DEBUG'
2021-11-19 09:29:24,070 INFO org.springframework.data.repository.config.RepositoryConfigurationDelegate [restartedMain] Bootstrapping Spring Data JPA repositories in DEFAULT mode.
2021-11-19 09:29:24,117 INFO org.springframework.data.repository.config.RepositoryConfigurationDelegate [restartedMain] Finished Spring Data repository scanning in 53 ms. Found 7 JPA repository interfaces.
2021-11-19 09:29:24,617 INFO org.springframework.boot.web.embedded.tomcat.TomcatWebServer [restartedMain] Tomcat initialized with port(s): 8080 (http)
2021-11-19 09:29:24,617 INFO org.apache.juli.logging.DirectJDKLog [restartedMain] Initializing ProtocolHandler ["http-nio-8080"]
2021-11-19 09:29:24,617 INFO org.apache.juli.logging.DirectJDKLog [restartedMain] Starting service [Tomcat]
2021-11-19 09:29:24,617 INFO org.apache.juli.logging.DirectJDKLog [restartedMain] Starting Servlet engine: [Apache Tomcat/9.0.53]
2021-11-19 09:29:24,695 INFO org.apache.juli.logging.DirectJDKLog [restartedMain] Initializing Spring embedded WebApplicationContext
2021-11-19 09:29:24,695 INFO org.springframework.boot.web.servlet.context.ServletWebServerApplicationContext [restartedMain] Root WebApplicationContext: initialization completed in 1390 ms
2021-11-19 09:29:24,805 INFO org.hibernate.jpa.internal.util.LogHelper [restartedMain] HHH000204: Processing PersistenceUnitInfo [name: default]
2021-11-19 09:29:24,836 INFO org.hibernate.Version [restartedMain] HHH000412: Hibernate ORM core version 5.4.32.Final
2021-11-19 09:29:24,899 INFO org.hibernate.annotations.common.reflection.java.JavaReflectionManager [restartedMain] HCANN000001: Hibernate Commons Annotations {5.1.2.Final}
2021-11-19 09:29:24,977 INFO com.zaxxer.hikari.HikariDataSource [restartedMain] HikariPool-1 - Starting...
2021-11-19 09:29:25,399 INFO com.zaxxer.hikari.HikariDataSource [restartedMain] HikariPool-1 - Start completed.
2021-11-19 09:29:25,414 INFO org.hibernate.dialect.Dialect [restartedMain] HHH000400: Using dialect: org.hibernate.dialect.MySQL5InnoDBDialect
2021-11-19 09:29:26,039 INFO org.hibernate.engine.transaction.jta.platform.internal.JtaPlatformInitiator [restartedMain] HHH000490: Using JtaPlatform implementation: [org.hibernate.engine.transaction.jta.platform.internal.NoJtaPlatform]
2021-11-19 09:29:26,039 INFO org.springframework.orm.jpa.AbstractEntityManagerFactoryBean [restartedMain] Initialized JPA EntityManagerFactory for persistence unit 'default'
2021-11-19 09:29:26,086 WARN org.springframework.boot.autoconfigure.orm.jpa.JpaBaseConfiguration$JpaWebConfiguration [restartedMain] spring.jpa.open-in-view is enabled by default. Therefore, database queries may be performed during view rendering. Explicitly configure spring.jpa.open-in-view to disable this warning
2021-11-19 09:29:26,695 INFO org.springframework.security.web.DefaultSecurityFilterChain [restartedMain] Will secure Ant [pattern='/scripts/**'] with []
2021-11-19 09:29:26,695 INFO org.springframework.security.web.DefaultSecurityFilterChain [restartedMain] Will secure Ant [pattern='/styles/**'] with []
2021-11-19 09:29:26,695 INFO org.springframework.security.web.DefaultSecurityFilterChain [restartedMain] Will secure Ant [pattern='/images/**'] with []
2021-11-19 09:29:26,695 INFO org.springframework.security.web.DefaultSecurityFilterChain [restartedMain] Will secure Ant [pattern='/fonts/**'] with []
2021-11-19 09:29:26,711 INFO org.springframework.security.web.DefaultSecurityFilterChain [restartedMain] Will secure any request with [org.springframework.security.web.context.request.async.WebAsyncManagerIntegrationFilter@4ed7ad2a, org.springframework.security.web.context.SecurityContextPersistenceFilter@50b9c731, org.springframework.security.web.header.HeaderWriterFilter@36bdb396, org.springframework.security.web.csrf.CsrfFilter@49a33e47, org.springframework.security.web.authentication.logout.LogoutFilter@fec5e8e, org.springframework.security.web.authentication.UsernamePasswordAuthenticationFilter@6fc239bf, org.springframework.security.web.savedrequest.RequestCacheAwareFilter@2c62a230, org.springframework.security.web.servletapi.SecurityContextHolderAwareRequestFilter@3910de2a, org.springframework.security.web.authentication.AnonymousAuthenticationFilter@6e1435b4, org.springframework.security.web.session.SessionManagementFilter@3d870bf3, org.springframework.security.web.access.ExceptionTranslationFilter@bb3cf20, org.springframework.security.web.access.intercept.FilterSecurityInterceptor@28394623]
2021-11-19 09:29:26,805 INFO org.springframework.boot.devtools.autoconfigure.OptionalLiveReloadServer [restartedMain] LiveReload server is running on port 35729
2021-11-19 09:29:26,945 INFO org.apache.juli.logging.DirectJDKLog [restartedMain] Starting ProtocolHandler ["http-nio-8080"]
2021-11-19 09:29:26,961 INFO org.springframework.boot.web.embedded.tomcat.TomcatWebServer [restartedMain] Tomcat started on port(s): 8080 (http) with context path ''
2021-11-19 09:29:27,258 INFO org.springframework.boot.StartupInfoLogger [restartedMain] Started SpringWebApplication in 4.408 seconds (JVM running for 5.103)
2021-11-19 09:30:50,824 INFO org.springframework.boot.StartupInfoLogger [restartedMain] Starting SpringWebApplication using Java 11.0.12 on gudwin with PID 16092 (C:\Users\Goodwin\IdeaProjects\domestic-service\target\classes started by Gudwin in C:\Users\Goodwin\IdeaProjects\domestic-service)
2021-11-19 09:30:50,824 INFO org.hibernate.validator.internal.util.Version [background-preinit] HV000001: Hibernate Validator 6.2.0.Final
2021-11-19 09:30:50,824 INFO org.springframework.boot.SpringApplication [restartedMain] The following profiles are active: Production
2021-11-19 09:30:50,871 INFO org.springframework.boot.logging.DeferredLog [restartedMain] Devtools property defaults active! Set 'spring.devtools.add-properties' to 'false' to disable
2021-11-19 09:30:50,871 INFO org.springframework.boot.logging.DeferredLog [restartedMain] For additional web related logging consider setting the 'logging.level.web' property to 'DEBUG'
2021-11-19 09:30:51,574 INFO org.springframework.data.repository.config.RepositoryConfigurationDelegate [restartedMain] Bootstrapping Spring Data JPA repositories in DEFAULT mode.
2021-11-19 09:30:51,636 INFO org.springframework.data.repository.config.RepositoryConfigurationDelegate [restartedMain] Finished Spring Data repository scanning in 52 ms. Found 7 JPA repository interfaces.
2021-11-19 09:30:52,105 INFO org.springframework.boot.web.embedded.tomcat.TomcatWebServer [restartedMain] Tomcat initialized with port(s): 8080 (http)
2021-11-19 09:30:52,105 INFO org.apache.juli.logging.DirectJDKLog [restartedMain] Initializing ProtocolHandler ["http-nio-8080"]
2021-11-19 09:30:52,105 INFO org.apache.juli.logging.DirectJDKLog [restartedMain] Starting service [Tomcat]
2021-11-19 09:30:52,105 INFO org.apache.juli.logging.DirectJDKLog [restartedMain] Starting Servlet engine: [Apache Tomcat/9.0.53]
2021-11-19 09:30:52,167 INFO org.apache.juli.logging.DirectJDKLog [restartedMain] Initializing Spring embedded WebApplicationContext
2021-11-19 09:30:52,167 INFO org.springframework.boot.web.servlet.context.ServletWebServerApplicationContext [restartedMain] Root WebApplicationContext: initialization completed in 1296 ms
2021-11-19 09:30:52,277 INFO org.hibernate.jpa.internal.util.LogHelper [restartedMain] HHH000204: Processing PersistenceUnitInfo [name: default]
2021-11-19 09:30:52,292 INFO org.hibernate.Version [restartedMain] HHH000412: Hibernate ORM core version 5.4.32.Final
2021-11-19 09:30:52,355 INFO org.hibernate.annotations.common.reflection.java.JavaReflectionManager [restartedMain] HCANN000001: Hibernate Commons Annotations {5.1.2.Final}
2021-11-19 09:30:52,417 INFO com.zaxxer.hikari.HikariDataSource [restartedMain] HikariPool-1 - Starting...
2021-11-19 09:30:52,605 INFO com.zaxxer.hikari.HikariDataSource [restartedMain] HikariPool-1 - Start completed.
2021-11-19 09:30:52,621 INFO org.hibernate.dialect.Dialect [restartedMain] HHH000400: Using dialect: org.hibernate.dialect.MySQL5InnoDBDialect
2021-11-19 09:30:53,152 INFO org.hibernate.engine.transaction.jta.platform.internal.JtaPlatformInitiator [restartedMain] HHH000490: Using JtaPlatform implementation: [org.hibernate.engine.transaction.jta.platform.internal.NoJtaPlatform]
2021-11-19 09:30:53,152 INFO org.springframework.orm.jpa.AbstractEntityManagerFactoryBean [restartedMain] Initialized JPA EntityManagerFactory for persistence unit 'default'
2021-11-19 09:30:53,183 WARN org.springframework.boot.autoconfigure.orm.jpa.JpaBaseConfiguration$JpaWebConfiguration [restartedMain] spring.jpa.open-in-view is enabled by default. Therefore, database queries may be performed during view rendering. Explicitly configure spring.jpa.open-in-view to disable this warning
2021-11-19 09:30:53,793 INFO org.springframework.security.web.DefaultSecurityFilterChain [restartedMain] Will secure Ant [pattern='/scripts/**'] with []
2021-11-19 09:30:53,793 INFO org.springframework.security.web.DefaultSecurityFilterChain [restartedMain] Will secure Ant [pattern='/styles/**'] with []
2021-11-19 09:30:53,793 INFO org.springframework.security.web.DefaultSecurityFilterChain [restartedMain] Will secure Ant [pattern='/images/**'] with []
2021-11-19 09:30:53,793 INFO org.springframework.security.web.DefaultSecurityFilterChain [restartedMain] Will secure Ant [pattern='/fonts/**'] with []
2021-11-19 09:30:53,808 INFO org.springframework.security.web.DefaultSecurityFilterChain [restartedMain] Will secure any request with [org.springframework.security.web.context.request.async.WebAsyncManagerIntegrationFilter@60439aaa, org.springframework.security.web.context.SecurityContextPersistenceFilter@28cd5635, org.springframework.security.web.header.HeaderWriterFilter@2af6ae40, org.springframework.security.web.csrf.CsrfFilter@76d80797, org.springframework.security.web.authentication.logout.LogoutFilter@6227545e, org.springframework.security.web.authentication.UsernamePasswordAuthenticationFilter@5ec02728, org.springframework.security.web.savedrequest.RequestCacheAwareFilter@334181ba, org.springframework.security.web.servletapi.SecurityContextHolderAwareRequestFilter@23ddae3b, org.springframework.security.web.authentication.AnonymousAuthenticationFilter@7371fced, org.springframework.security.web.session.SessionManagementFilter@46a41b66, org.springframework.security.web.access.ExceptionTranslationFilter@328982a1, org.springframework.security.web.access.intercept.FilterSecurityInterceptor@1a23fbb7]
2021-11-19 09:30:53,886 INFO org.springframework.boot.devtools.autoconfigure.OptionalLiveReloadServer [restartedMain] LiveReload server is running on port 35729
2021-11-19 09:30:54,042 INFO org.apache.juli.logging.DirectJDKLog [restartedMain] Starting ProtocolHandler ["http-nio-8080"]
2021-11-19 09:30:54,058 INFO org.springframework.boot.web.embedded.tomcat.TomcatWebServer [restartedMain] Tomcat started on port(s): 8080 (http) with context path ''
2021-11-19 09:30:54,355 INFO org.springframework.boot.StartupInfoLogger [restartedMain] Started SpringWebApplication in 3.951 seconds (JVM running for 4.837)
